{
  "stats": {
    "suites": 1,
    "tests": 3,
    "passes": 3,
    "pending": 0,
    "failures": 0,
    "start": "2020-04-04T14:51:19.037Z",
    "end": "2020-04-04T14:51:19.042Z",
    "duration": 5,
    "testsRegistered": 3,
    "passPercent": 100,
    "pendingPercent": 0,
    "other": 0,
    "hasOther": false,
    "skipped": 0,
    "hasSkipped": false
  },
  "results": [
    {
      "uuid": "d42669a0-7f71-4bce-8041-c61d05e905b0",
      "title": "",
      "fullFile": "",
      "file": "",
      "beforeHooks": [],
      "afterHooks": [],
      "tests": [],
      "suites": [
        {
          "uuid": "e1b2986f-af1d-4343-b68a-aee4eeb72f66",
          "title": "Sum Function",
          "fullFile": "/Users/namthit98/Desktop/TopUp/Project/codingame-platform/codingame-javascript-runner/test/ayenr6dszk8lqitp7-432020.test.js",
          "file": "/test/ayenr6dszk8lqitp7-432020.test.js",
          "beforeHooks": [],
          "afterHooks": [],
          "tests": [
            {
              "title": "should return true result - 1",
              "fullTitle": "Sum Function should return true result - 1",
              "timedOut": false,
              "duration": 1,
              "state": "passed",
              "speed": "fast",
              "pass": true,
              "fail": false,
              "pending": false,
              "context": null,
              "code": "expect(sum(1, 2)).equals(3);",
              "err": {},
              "uuid": "69362341-05b4-4e3d-862f-08ea3e42df41",
              "parentUUID": "e1b2986f-af1d-4343-b68a-aee4eeb72f66",
              "isHook": false,
              "skipped": false
            },
            {
              "title": "should return true result - 2",
              "fullTitle": "Sum Function should return true result - 2",
              "timedOut": false,
              "duration": 0,
              "state": "passed",
              "speed": "fast",
              "pass": true,
              "fail": false,
              "pending": false,
              "context": null,
              "code": "expect(sum(35325, 53252)).equals(88577);",
              "err": {},
              "uuid": "bb60b889-6881-4d8b-8f14-de3d114f72a2",
              "parentUUID": "e1b2986f-af1d-4343-b68a-aee4eeb72f66",
              "isHook": false,
              "skipped": false
            },
            {
              "title": "should return false result - 1",
              "fullTitle": "Sum Function should return false result - 1",
              "timedOut": false,
              "duration": 0,
              "state": "passed",
              "speed": "fast",
              "pass": true,
              "fail": false,
              "pending": false,
              "context": null,
              "code": "expect(sum(432, 421)).not.equals(4321);",
              "err": {},
              "uuid": "3bb8273b-9760-4546-a4cd-991a0c59161b",
              "parentUUID": "e1b2986f-af1d-4343-b68a-aee4eeb72f66",
              "isHook": false,
              "skipped": false
            }
          ],
          "suites": [],
          "passes": [
            "69362341-05b4-4e3d-862f-08ea3e42df41",
            "bb60b889-6881-4d8b-8f14-de3d114f72a2",
            "3bb8273b-9760-4546-a4cd-991a0c59161b"
          ],
          "failures": [],
          "pending": [],
          "skipped": [],
          "duration": 1,
          "root": false,
          "rootEmpty": false,
          "_timeout": 2000
        }
      ],
      "passes": [],
      "failures": [],
      "pending": [],
      "skipped": [],
      "duration": 0,
      "root": true,
      "rootEmpty": true,
      "_timeout": 2000
    }
  ],
  "meta": {
    "mocha": {
      "version": "6.2.2"
    },
    "mochawesome": {
      "options": {
        "quiet": false,
        "reportFilename": "ayenr6dszk8lqitp7-432020.test.js",
        "saveHtml": false,
        "saveJson": true,
        "consoleReporter": "spec",
        "useInlineDiffs": false
      },
      "version": "4.1.0"
    },
    "marge": {
      "options": {
        "reportFilename": "ayenr6dszk8lqitp7-432020.test.js",
        "html": "false"
      },
      "version": "4.0.1"
    }
  }
}